#
# There is insufficient memory for the Java Runtime Environment to continue.
# Native memory allocation (malloc) failed to allocate 32744 bytes for ChunkPool::allocate
# Possible reasons:
#   The system is out of physical RAM or swap space
#   In 32 bit mode, the process size limit was hit
# Possible solutions:
#   Reduce memory load on the system
#   Increase physical memory or swap space
#   Check if swap backing store is full
#   Use 64 bit Java on a 64 bit OS
#   Decrease Java heap size (-Xmx/-Xms)
#   Decrease number of Java threads
#   Decrease Java thread stack sizes (-Xss)
#   Set larger code cache with -XX:ReservedCodeCacheSize=
# This output file may be truncated or incomplete.
#
#  Out of Memory Error (allocation.cpp:273), pid=68936, tid=0x000000000000cda0
#
# JRE version: Java(TM) SE Runtime Environment (8.0_131-b11) (build 1.8.0_131-b11)
# Java VM: Java HotSpot(TM) 64-Bit Server VM (25.131-b11 mixed mode windows-amd64 compressed oops)
# Failed to write core dump. Minidumps are not enabled by default on client versions of Windows
#

---------------  T H R E A D  ---------------

Current thread (0x0000000058c5c800):  JavaThread "C1 CompilerThread2" daemon [_thread_in_native, id=52640, stack(0x0000000058180000,0x0000000058280000)]

Stack: [0x0000000058180000,0x0000000058280000]
[error occurred during error reporting (printing stack bounds), id 0xc0000005]

Native frames: (J=compiled Java code, j=interpreted, Vv=VM code, C=native code)


Current CompileTask:
C1:  10846 1207       3       java.lang.invoke.TypeConvertingMethodAdapter::convertType (299 bytes)


---------------  P R O C E S S  ---------------

Java Threads: ( => current thread )
  0x000000005a5dc800 JavaThread "Okio Watchdog" daemon [_thread_blocked, id=5352, stack(0x000000005bd90000,0x000000005be90000)]
  0x000000005a5dc000 JavaThread "OkHttp ConnectionPool" daemon [_thread_blocked, id=38224, stack(0x000000005bc30000,0x000000005bd30000)]
  0x000000005a120000 JavaThread "ForkJoinPool.commonPool-worker-2" daemon [_thread_blocked, id=68020, stack(0x000000005b1f0000,0x000000005b2f0000)]
  0x0000000059263000 JavaThread "Exec Stream Pumper" daemon [_thread_in_native, id=61476, stack(0x000000005b4e0000,0x000000005b5e0000)]
  0x0000000059264000 JavaThread "Exec Stream Pumper" daemon [_thread_in_native, id=39456, stack(0x000000005b300000,0x000000005b400000)]
  0x000000005a172000 JavaThread "Exec Default Executor" daemon [_thread_in_native, id=8352, stack(0x000000005b0b0000,0x000000005b1b0000)]
  0x0000000058cfe000 JavaThread "Service Thread" daemon [_thread_blocked, id=68168, stack(0x00000000587d0000,0x00000000588d0000)]
=>0x0000000058c5c800 JavaThread "C1 CompilerThread2" daemon [_thread_in_native, id=52640, stack(0x0000000058180000,0x0000000058280000)]
  0x0000000058c4d800 JavaThread "C2 CompilerThread1" daemon [_thread_blocked, id=51608, stack(0x0000000059810000,0x0000000059910000)]
  0x0000000058c4c000 JavaThread "C2 CompilerThread0" daemon [_thread_blocked, id=60320, stack(0x0000000059690000,0x0000000059790000)]
  0x0000000058c4a800 JavaThread "Monitor Ctrl-Break" daemon [_thread_in_native, id=59956, stack(0x00000000594f0000,0x00000000595f0000)]
  0x00000000583c2800 JavaThread "Attach Listener" daemon [_thread_blocked, id=68672, stack(0x0000000058b10000,0x0000000058c10000)]
  0x0000000056ecf000 JavaThread "Signal Dispatcher" daemon [_thread_blocked, id=55532, stack(0x0000000058910000,0x0000000058a10000)]
  0x0000000056eb2000 JavaThread "Finalizer" daemon [_thread_blocked, id=20736, stack(0x00000000582b0000,0x00000000583b0000)]
  0x0000000056e69000 JavaThread "Reference Handler" daemon [_thread_blocked, id=67604, stack(0x0000000057ef0000,0x0000000057ff0000)]
  0x000000000203b000 JavaThread "Forwarding newSession on session null to remote" [_thread_in_vm, id=5112, stack(0x00000000022f0000,0x00000000023f0000)]

Other Threads:
  0x0000000056e63800 VMThread [stack: 0x0000000058080000,0x0000000058180000] [id=30536]
  0x0000000058d6e800 WatcherThread [stack: 0x0000000059bc0000,0x0000000059cc0000] [id=21820]

VM state:not at safepoint (normal execution)

VM Mutex/Monitor currently owned by a thread: None

Heap:
 PSYoungGen      total 36864K, used 30426K [0x00000000d6f00000, 0x00000000d9800000, 0x0000000100000000)
  eden space 31744K, 79% used [0x00000000d6f00000,0x00000000d87b8130,0x00000000d8e00000)
  from space 5120K, 99% used [0x00000000d8e00000,0x00000000d92fe9b8,0x00000000d9300000)
  to   space 5120K, 0% used [0x00000000d9300000,0x00000000d9300000,0x00000000d9800000)
 ParOldGen       total 84992K, used 143K [0x0000000084c00000, 0x0000000089f00000, 0x00000000d6f00000)
  object space 84992K, 0% used [0x0000000084c00000,0x0000000084c23ce8,0x0000000089f00000)
 Metaspace       used 13036K, capacity 13474K, committed 13568K, reserved 1060864K
  class space    used 1606K, capacity 1763K, committed 1792K, reserved 1048576K

Card table byte_map: [0x00000000117b0000,0x0000000011b90000] byte_map_base: 0x000000001138a000

Marking Bits: (ParMarkBitMap*) 0x000000007001c720
 Begin Bits: [0x0000000012350000, 0x0000000014220000)
 End Bits:   [0x0000000014220000, 0x00000000160f0000)

Polling page: 0x0000000000110000

CodeCache: size=245760Kb used=4308Kb max_used=4308Kb free=241451Kb
 bounds [0x00000000023f0000, 0x0000000002830000, 0x00000000113f0000]
 total_blobs=1579 nmethods=1208 adapters=284
 compilation: enabled

Compilation events (10 events):
Event: 10.832 Thread 0x0000000058c5c800 nmethod 1203 0x0000000002811ad0 code [0x0000000002811d00, 0x00000000028127b8]
Event: 10.832 Thread 0x0000000058c5c800 1204       3       jdk.internal.org.objectweb.asm.ClassWriter::toByteArray (1289 bytes)
Event: 10.837 Thread 0x0000000058c5c800 nmethod 1204 0x00000000028235d0 code [0x0000000002823de0, 0x0000000002827ad8]
Event: 10.837 Thread 0x0000000058c5c800 1206       1       java.lang.invoke.MemberName::getReferenceKind (12 bytes)
Event: 10.837 Thread 0x0000000058c5c800 nmethod 1206 0x0000000002811450 code [0x00000000028115a0, 0x00000000028116b0]
Event: 10.837 Thread 0x0000000058c5c800 1208       3       java.lang.invoke.MethodType::basicType (8 bytes)
Event: 10.837 Thread 0x0000000058c5c800 nmethod 1208 0x0000000002811050 code [0x00000000028111a0, 0x0000000002811390]
Event: 10.837 Thread 0x0000000058c5c800 1209       3       java.lang.invoke.MemberName$Factory::resolveOrFail (52 bytes)
Event: 10.837 Thread 0x0000000058c5c800 nmethod 1209 0x00000000028102d0 code [0x00000000028104a0, 0x0000000002810d58]
Event: 10.837 Thread 0x0000000058c5c800 1207       3       java.lang.invoke.TypeConvertingMethodAdapter::convertType (299 bytes)

GC Heap History (2 events):
Event: 3.862 GC heap before
{Heap before GC invocations=1 (full 0):
 PSYoungGen      total 36864K, used 31744K [0x00000000d6f00000, 0x00000000d9800000, 0x0000000100000000)
  eden space 31744K, 100% used [0x00000000d6f00000,0x00000000d8e00000,0x00000000d8e00000)
  from space 5120K, 0% used [0x00000000d9300000,0x00000000d9300000,0x00000000d9800000)
  to   space 5120K, 0% used [0x00000000d8e00000,0x00000000d8e00000,0x00000000d9300000)
 ParOldGen       total 84992K, used 0K [0x0000000084c00000, 0x0000000089f00000, 0x00000000d6f00000)
  object space 84992K, 0% used [0x0000000084c00000,0x0000000084c00000,0x0000000089f00000)
 Metaspace       used 9791K, capacity 10096K, committed 10240K, reserved 1058816K
  class space    used 1154K, capacity 1276K, committed 1280K, reserved 1048576K
Event: 3.871 GC heap after
Heap after GC invocations=1 (full 0):
 PSYoungGen      total 36864K, used 5114K [0x00000000d6f00000, 0x00000000d9800000, 0x0000000100000000)
  eden space 31744K, 0% used [0x00000000d6f00000,0x00000000d6f00000,0x00000000d8e00000)
  from space 5120K, 99% used [0x00000000d8e00000,0x00000000d92fe9b8,0x00000000d9300000)
  to   space 5120K, 0% used [0x00000000d9300000,0x00000000d9300000,0x00000000d9800000)
 ParOldGen       total 84992K, used 143K [0x0000000084c00000, 0x0000000089f00000, 0x00000000d6f00000)
  object space 84992K, 0% used [0x0000000084c00000,0x0000000084c23ce8,0x0000000089f00000)
 Metaspace       used 9791K, capacity 10096K, committed 10240K, reserved 1058816K
  class space    used 1154K, capacity 1276K, committed 1280K, reserved 1048576K
}

Deoptimization events (10 events):
Event: 4.588 Thread 0x000000000203b000 Uncommon trap: reason=class_check action=maybe_recompile pc=0x00000000027aacf4 method=java.util.regex.Matcher.search(I)Z @ 86
Event: 4.588 Thread 0x000000000203b000 Uncommon trap: reason=class_check action=maybe_recompile pc=0x00000000027124b4 method=java.util.regex.Pattern$Curly.match(Ljava/util/regex/Matcher;ILjava/lang/CharSequence;)Z @ 19
Event: 4.588 Thread 0x000000000203b000 Uncommon trap: reason=class_check action=maybe_recompile pc=0x00000000027aacf4 method=java.util.regex.Matcher.search(I)Z @ 86
Event: 4.588 Thread 0x000000000203b000 Uncommon trap: reason=class_check action=maybe_recompile pc=0x00000000027aacf4 method=java.util.regex.Matcher.search(I)Z @ 86
Event: 4.588 Thread 0x000000000203b000 Uncommon trap: reason=class_check action=maybe_recompile pc=0x00000000027aacf4 method=java.util.regex.Matcher.search(I)Z @ 86
Event: 4.588 Thread 0x000000000203b000 Uncommon trap: reason=class_check action=maybe_recompile pc=0x00000000027124b4 method=java.util.regex.Pattern$Curly.match(Ljava/util/regex/Matcher;ILjava/lang/CharSequence;)Z @ 19
Event: 4.602 Thread 0x000000000203b000 Uncommon trap: reason=class_check action=maybe_recompile pc=0x00000000027124b4 method=java.util.regex.Pattern$Curly.match(Ljava/util/regex/Matcher;ILjava/lang/CharSequence;)Z @ 19
Event: 4.602 Thread 0x000000000203b000 Uncommon trap: reason=class_check action=maybe_recompile pc=0x00000000027124b4 method=java.util.regex.Pattern$Curly.match(Ljava/util/regex/Matcher;ILjava/lang/CharSequence;)Z @ 19
Event: 4.722 Thread 0x000000000203b000 Uncommon trap: reason=unstable_if action=reinterpret pc=0x00000000027aa6d8 method=java.util.regex.Pattern$BmpCharProperty.match(Ljava/util/regex/Matcher;ILjava/lang/CharSequence;)Z @ 34
Event: 4.763 Thread 0x000000000203b000 Uncommon trap: reason=unstable_if action=reinterpret pc=0x0000000002667644 method=java.lang.CharacterDataLatin1.digit(II)I @ 82

Internal exceptions (10 events):
Event: 3.172 Thread 0x000000000203b000 Implicit null exception at 0x00000000025922cb to 0x000000000259247d
Event: 4.465 Thread 0x000000000203b000 Exception <a 'java/lang/ArrayIndexOutOfBoundsException': 18> (0x00000000d7626020) thrown at [C:\re\workspace\8-2-build-windows-amd64-cygwin\jdk8u131\8869\hotspot\src\share\vm\interpreter\interpreterRuntime.cpp, line 366]
Event: 4.465 Thread 0x000000000203b000 Exception <a 'java/lang/ArrayIndexOutOfBoundsException': 108> (0x00000000d7627ef0) thrown at [C:\re\workspace\8-2-build-windows-amd64-cygwin\jdk8u131\8869\hotspot\src\share\vm\interpreter\interpreterRuntime.cpp, line 366]
Event: 4.465 Thread 0x000000000203b000 Exception <a 'java/lang/ArrayIndexOutOfBoundsException'> (0x00000000d762c0f0) thrown at [C:\re\workspace\8-2-build-windows-amd64-cygwin\jdk8u131\8869\hotspot\src\share\vm\runtime\sharedRuntime.cpp, line 605]
Event: 4.466 Thread 0x000000000203b000 Exception <a 'java/lang/ArrayIndexOutOfBoundsException'> (0x00000000d762fbe0) thrown at [C:\re\workspace\8-2-build-windows-amd64-cygwin\jdk8u131\8869\hotspot\src\share\vm\runtime\sharedRuntime.cpp, line 605]
Event: 4.466 Thread 0x000000000203b000 Exception <a 'java/lang/ArrayIndexOutOfBoundsException'> (0x00000000d7630860) thrown at [C:\re\workspace\8-2-build-windows-amd64-cygwin\jdk8u131\8869\hotspot\src\share\vm\runtime\sharedRuntime.cpp, line 605]
Event: 4.467 Thread 0x000000000203b000 Exception <a 'java/lang/ArrayIndexOutOfBoundsException'> (0x00000000d7643ab0) thrown at [C:\re\workspace\8-2-build-windows-amd64-cygwin\jdk8u131\8869\hotspot\src\share\vm\runtime\sharedRuntime.cpp, line 605]
Event: 4.467 Thread 0x000000000203b000 Exception <a 'java/lang/ArrayIndexOutOfBoundsException'> (0x00000000d764b060) thrown at [C:\re\workspace\8-2-build-windows-amd64-cygwin\jdk8u131\8869\hotspot\src\share\vm\runtime\sharedRuntime.cpp, line 605]
Event: 4.496 Thread 0x000000000203b000 Exception <a 'java/lang/IncompatibleClassChangeError': Found class java.lang.Object, but interface was expected> (0x00000000d77a5030) thrown at [C:\re\workspace\8-2-build-windows-amd64-cygwin\jdk8u131\8869\hotspot\src\share\vm\interpreter\linkResolver.cpp
Event: 4.497 Thread 0x000000000203b000 Exception <a 'java/lang/NoSuchMethodError': java.lang.Object.lambda$or$2(Ljava/util/function/Predicate;Ljava/lang/Object;)Z> (0x00000000d77b48b8) thrown at [C:\re\workspace\8-2-build-windows-amd64-cygwin\jdk8u131\8869\hotspot\src\share\vm\interpreter\link

Events (10 events):
Event: 10.834 loading class org/openqa/selenium/remote/InitialHandshakeResponse
Event: 10.834 loading class org/openqa/selenium/remote/InitialHandshakeResponse done
Event: 10.834 loading class org/openqa/selenium/remote/W3CHandshakeResponse
Event: 10.834 loading class org/openqa/selenium/remote/W3CHandshakeResponse done
Event: 10.835 loading class org/openqa/selenium/remote/InitialHandshakeResponse
Event: 10.835 loading class org/openqa/selenium/remote/InitialHandshakeResponse done
Event: 10.835 loading class org/openqa/selenium/remote/InitialHandshakeResponse
Event: 10.835 loading class org/openqa/selenium/remote/InitialHandshakeResponse done
Event: 10.838 loading class org/openqa/selenium/remote/ProtocolHandshake$Result
Event: 10.838 loading class org/openqa/selenium/remote/ProtocolHandshake$Result done


Dynamic libraries:
0x000000013fa40000 - 0x000000013fa77000 	C:\Program Files\Java\jdk1.8.0_131\bin\java.exe
0x00000000776b0000 - 0x000000007785a000 	C:\Windows\SYSTEM32\ntdll.dll
0x0000000077350000 - 0x000000007746f000 	C:\Windows\system32\kernel32.dll
0x000007fefd520000 - 0x000007fefd58a000 	C:\Windows\system32\KERNELBASE.dll
0x000007fefd5d0000 - 0x000007fefd6ab000 	C:\Windows\system32\ADVAPI32.dll
0x000007fefd920000 - 0x000007fefd9bf000 	C:\Windows\system32\msvcrt.dll
0x000007fefd8e0000 - 0x000007fefd8ff000 	C:\Windows\SYSTEM32\sechost.dll
0x000007fefe540000 - 0x000007fefe66d000 	C:\Windows\system32\RPCRT4.dll
0x0000000077470000 - 0x000000007756a000 	C:\Windows\system32\USER32.dll
0x000007fefe4d0000 - 0x000007fefe537000 	C:\Windows\system32\GDI32.dll
0x000007fefd910000 - 0x000007fefd91e000 	C:\Windows\system32\LPK.dll
0x000007fefd810000 - 0x000007fefd8db000 	C:\Windows\system32\USP10.dll
0x000007fefbb10000 - 0x000007fefbd04000 	C:\Windows\WinSxS\amd64_microsoft.windows.common-controls_6595b64144ccf1df_6.0.7601.18837_none_fa3b1e3d17594757\COMCTL32.dll
0x000007fefdf20000 - 0x000007fefdf91000 	C:\Windows\system32\SHLWAPI.dll
0x000007fefe2a0000 - 0x000007fefe2ce000 	C:\Windows\system32\IMM32.DLL
0x000007fefe940000 - 0x000007fefea49000 	C:\Windows\system32\MSCTF.dll
0x000000006a5c0000 - 0x000000006a692000 	C:\Program Files\Java\jdk1.8.0_131\jre\bin\msvcr100.dll
0x000000006f800000 - 0x000000007009c000 	C:\Program Files\Java\jdk1.8.0_131\jre\bin\server\jvm.dll
0x000007fef9aa0000 - 0x000007fef9aa9000 	C:\Windows\system32\WSOCK32.dll
0x000007fefd9c0000 - 0x000007fefda0d000 	C:\Windows\system32\WS2_32.dll
0x000007fefd900000 - 0x000007fefd908000 	C:\Windows\system32\NSI.dll
0x000007fefd2b0000 - 0x000007fefd2eb000 	C:\Windows\system32\WINMM.dll
0x000007fefc210000 - 0x000007fefc21c000 	C:\Windows\system32\VERSION.dll
0x0000000077870000 - 0x0000000077877000 	C:\Windows\system32\PSAPI.DLL
0x000000006ae90000 - 0x000000006ae9f000 	C:\Program Files\Java\jdk1.8.0_131\jre\bin\verify.dll
0x000000006a3e0000 - 0x000000006a409000 	C:\Program Files\Java\jdk1.8.0_131\jre\bin\java.dll
0x0000000069fc0000 - 0x0000000069fe3000 	C:\Program Files\Java\jdk1.8.0_131\jre\bin\instrument.dll
0x000000006a580000 - 0x000000006a596000 	C:\Program Files\Java\jdk1.8.0_131\jre\bin\zip.dll
0x000007fefead0000 - 0x000007feff85a000 	C:\Windows\system32\SHELL32.dll
0x000007fefe2d0000 - 0x000007fefe4cc000 	C:\Windows\system32\ole32.dll
0x000007fefd170000 - 0x000007fefd17f000 	C:\Windows\system32\profapi.dll
0x000007fee89e0000 - 0x000007fee89fa000 	D:\Program Files\JetBrains\IntelliJ IDEA Community Edition 2017.3.5\bin\breakgen64.dll
0x000000006a4e0000 - 0x000000006a4fa000 	C:\Program Files\Java\jdk1.8.0_131\jre\bin\net.dll
0x000007fefc8a0000 - 0x000007fefc8f5000 	C:\Windows\system32\mswsock.dll
0x000007fefcb70000 - 0x000007fefcb77000 	C:\Windows\System32\wship6.dll
0x000007fefc2e0000 - 0x000007fefc2e7000 	C:\Windows\System32\wshtcpip.dll
0x000007fefc730000 - 0x000007fefc78b000 	C:\Windows\system32\DNSAPI.dll
0x000007fefaa70000 - 0x000007fefaa97000 	C:\Windows\system32\IPHLPAPI.DLL
0x000007fefaa50000 - 0x000007fefaa5b000 	C:\Windows\system32\WINNSI.DLL
0x000007fef6120000 - 0x000007fef6128000 	C:\Windows\system32\rasadhlp.dll
0x000007fefa710000 - 0x000007fefa763000 	C:\Windows\System32\fwpuclnt.dll
0x0000000069ab0000 - 0x0000000069ad4000 	C:\Program Files\Java\jdk1.8.0_131\jre\bin\sunec.dll
0x000000006a560000 - 0x000000006a56b000 	C:\Program Files\Java\jdk1.8.0_131\jre\bin\sunmscapi.dll
0x000007fefd2f0000 - 0x000007fefd45d000 	C:\Windows\system32\CRYPT32.dll
0x000007fefd180000 - 0x000007fefd18f000 	C:\Windows\system32\MSASN1.dll
0x000007fefa680000 - 0x000007fefa691000 	C:\Windows\system32\dhcpcsvc6.DLL
0x000007fefa660000 - 0x000007fefa678000 	C:\Windows\system32\dhcpcsvc.DLL
0x000000006a490000 - 0x000000006a4a1000 	C:\Program Files\Java\jdk1.8.0_131\jre\bin\nio.dll
0x000007fefc950000 - 0x000007fefc968000 	C:\Windows\system32\CRYPTSP.dll
0x000007fefc600000 - 0x000007fefc647000 	C:\Windows\system32\rsaenh.dll
0x000007fefd4e0000 - 0x000007fefd4fe000 	C:\Windows\system32\USERENV.dll
0x000007fefd010000 - 0x000007fefd01f000 	C:\Windows\system32\CRYPTBASE.dll
0x000007fefcfb0000 - 0x000007fefd007000 	C:\Windows\system32\apphelp.dll

VM Arguments:
jvm_args: -javaagent:D:\Program Files\JetBrains\IntelliJ IDEA Community Edition 2017.3.5\lib\idea_rt.jar=53359:D:\Program Files\JetBrains\IntelliJ IDEA Community Edition 2017.3.5\bin -Dfile.encoding=UTF-8 
java_command: com.wujie.toolsmgmt.service.AccountService
java_class_path (initial): C:\Program Files\Java\jdk1.8.0_131\jre\lib\charsets.jar;C:\Program Files\Java\jdk1.8.0_131\jre\lib\deploy.jar;C:\Program Files\Java\jdk1.8.0_131\jre\lib\ext\access-bridge-64.jar;C:\Program Files\Java\jdk1.8.0_131\jre\lib\ext\cldrdata.jar;C:\Program Files\Java\jdk1.8.0_131\jre\lib\ext\dnsns.jar;C:\Program Files\Java\jdk1.8.0_131\jre\lib\ext\jaccess.jar;C:\Program Files\Java\jdk1.8.0_131\jre\lib\ext\jfxrt.jar;C:\Program Files\Java\jdk1.8.0_131\jre\lib\ext\localedata.jar;C:\Program Files\Java\jdk1.8.0_131\jre\lib\ext\nashorn.jar;C:\Program Files\Java\jdk1.8.0_131\jre\lib\ext\sunec.jar;C:\Program Files\Java\jdk1.8.0_131\jre\lib\ext\sunjce_provider.jar;C:\Program Files\Java\jdk1.8.0_131\jre\lib\ext\sunmscapi.jar;C:\Program Files\Java\jdk1.8.0_131\jre\lib\ext\sunpkcs11.jar;C:\Program Files\Java\jdk1.8.0_131\jre\lib\ext\zipfs.jar;C:\Program Files\Java\jdk1.8.0_131\jre\lib\javaws.jar;C:\Program Files\Java\jdk1.8.0_131\jre\lib\jce.jar;C:\Program Files\Java\jdk1.8.0_131\jre\lib\jfr.jar;C:\Program Files\Java\jdk1.8.0_131\jre\lib\jfxswt.jar;C:\Program Files\Java\jdk1.8.0_131\jre\lib\jsse.jar;C:\Program Files\Java\jdk1.8.0_131\jre\lib\management-agent.jar;C:\Program Files\Java\jdk1.8.0_131\jre\lib\plugin.jar;C:\Program Files\Java\jdk1.8.0_131\jre\lib\resources.jar;C:\Program Files\Java\jdk1.8.0_131\jre\lib\rt.jar;E:\gitProject\toolsmgmt\out\production\classes;E:\gitProject\toolsmgmt\out\production\resources;E:\.gradle\caches\modules-2\files-2.1\org.springframework.boot\spring-boot-starter-parent\2.0.0.RELEASE\fb27a9efa400059a9c43cccd4380849d79690e27\spring-boot-starter-parent-2.0.0.RELEASE.pom;E:\.gradle\caches\modules-2\files-2.1\org.springframework.boot\spring-boot-starter-web\2.0.0.RELEASE\fcb2a9e18f98382e626935841f85ed44d7153615\spring-boot-starter-web-2.0.0.RELEASE.jar;E:\.gradle\caches\modules-2\files-2.1\org.springframework.boot\spring-boot-devtools\2.0.0.RELEASE\db0a05542d0d59b55cdee8767cb2ec41cf49e4a6\spring-boot-devtools-2.0.0.RELEASE.jar;E
Launcher Type: SUN_STANDARD

Environment Variables:
JAVA_HOME=C:\Program Files\Java\jdk1.8.0_131
CLASSPATH=%CLASSPATH%;C:\Users\mingcl\.m2\repository\org\testng\testng\6.8\testng-6.8.jar
PATH=C:\ProgramData\Oracle\Java\javapath;C:\Windows\system32;C:\Windows;C:\Windows\System32\Wbem;C:\Windows\System32\WindowsPowerShell\v1.0\;C:\Program Files\nodejs\;C:\Program Files\TortoiseGit\bin;C:\Program Files\Git\cmd;D:\Program Files\TortoiseSVN\bin;C:\Program Files (x86)\Google\Chrome\Application;C:\ProgramData\Oracle\Java\javapath;C:\Windows\system32;C:\Windows;C:\Windows\System32\Wbem;C:\Windows\System32\WindowsPowerShell\v1.0\;C:\Program Files\nodejs\;C:\Program Files\TortoiseGit\bin;C:\Program Files\Git\cmd;D:\Program Files\TortoiseSVN\bin;C:\Program Files (x86)\Google\Chrome\Application;C:\Users\mingcl\AppData\Roaming\npm;D:\Program Files (x86)\apache-maven-3.5.0\bin;C:\Ruby200-x64\bin;D:\Program Files (x86)\Android\android-sdk;D:\Program Files (x86)\Android\android-sdk\tools;D:\Program Files (x86)\Android\android-sdk\tools;D:\Program Files (x86)\Android\android-sdk\tools;D:\Program Files (x86)\Android\android-sdk\platform-tools;C:\Program Files (x86)\Appium\node_modules\.bin;C:\Python27;C:\Python27\Scripts;C:\Program Files\Java\jdk1.8.0_131\bin;D:\Program Files\gradle-2.14\bin;E:\tools\apache-jmeter-3.2\bin;E:\jenkins\jenkins-home;C:\Users\mingcl\AppData\Local\atom\bin;d:\Program Files\Microsoft VS Code\bin;d:\Users\mingcl\AppData\Local\Programs\Fiddler;
USERNAME=mingcl
OS=Windows_NT
PROCESSOR_IDENTIFIER=Intel64 Family 6 Model 158 Stepping 9, GenuineIntel



---------------  S Y S T E M  ---------------

OS: Windows 7 , 64 bit Build 7601 (6.1.7601.23915)

CPU:total 4 (initial active 4) (4 cores per cpu, 1 threads per core) family 6 model 158 stepping 9, cmov, cx8, fxsr, mmx, sse, sse2, sse3, ssse3, sse4.1, sse4.2, popcnt, avx, avx2, aes, clmul, erms, 3dnowpref, lzcnt, tsc, tscinvbit, bmi1, bmi2, adx

Memory: 4k page, physical 8076204k(34668k free), swap 30417832k(5184k free)

vm_info: Java HotSpot(TM) 64-Bit Server VM (25.131-b11) for windows-amd64 JRE (1.8.0_131-b11), built on Mar 15 2017 01:23:53 by "java_re" with MS VC++ 10.0 (VS2010)

time: Fri Apr 27 23:57:57 2018
elapsed time: 10 seconds (0d 0h 0m 10s)

