#
# There is insufficient memory for the Java Runtime Environment to continue.
# Native memory allocation (malloc) failed to allocate 32744 bytes for ChunkPool::allocate
# Possible reasons:
#   The system is out of physical RAM or swap space
#   In 32 bit mode, the process size limit was hit
# Possible solutions:
#   Reduce memory load on the system
#   Increase physical memory or swap space
#   Check if swap backing store is full
#   Use 64 bit Java on a 64 bit OS
#   Decrease Java heap size (-Xmx/-Xms)
#   Decrease number of Java threads
#   Decrease Java thread stack sizes (-Xss)
#   Set larger code cache with -XX:ReservedCodeCacheSize=
# This output file may be truncated or incomplete.
#
#  Out of Memory Error (allocation.cpp:273), pid=61616, tid=0x000000000000c730
#
# JRE version: Java(TM) SE Runtime Environment (8.0_131-b11) (build 1.8.0_131-b11)
# Java VM: Java HotSpot(TM) 64-Bit Server VM (25.131-b11 mixed mode windows-amd64 compressed oops)
# Failed to write core dump. Minidumps are not enabled by default on client versions of Windows
#

---------------  T H R E A D  ---------------

Current thread (0x0000000058951800):  JavaThread "C2 CompilerThread1" daemon [_thread_in_native, id=50992, stack(0x00000000591a0000,0x00000000592a0000)]

Stack: [0x00000000591a0000,0x00000000592a0000]
[error occurred during error reporting (printing stack bounds), id 0xc0000005]

Native frames: (J=compiled Java code, j=interpreted, Vv=VM code, C=native code)


Current CompileTask:
C2:   5096 2143       4       java.net.URLClassLoader$1::run (5 bytes)


---------------  P R O C E S S  ---------------

Java Threads: ( => current thread )
  0x000000005a3c8800 JavaThread "restartedMain" [_thread_in_vm, id=59644, stack(0x000000005af40000,0x000000005b040000)]
  0x0000000058f6d800 JavaThread "Thread-1" [_thread_blocked, id=59836, stack(0x000000005ad30000,0x000000005ae30000)]
  0x00000000589db800 JavaThread "Service Thread" daemon [_thread_blocked, id=57860, stack(0x0000000059760000,0x0000000059860000)]
  0x0000000058964000 JavaThread "C1 CompilerThread2" daemon [_thread_blocked, id=58020, stack(0x0000000059550000,0x0000000059650000)]
=>0x0000000058951800 JavaThread "C2 CompilerThread1" daemon [_thread_in_native, id=50992, stack(0x00000000591a0000,0x00000000592a0000)]
  0x0000000058950000 JavaThread "C2 CompilerThread0" daemon [_thread_in_native, id=60548, stack(0x0000000059400000,0x0000000059500000)]
  0x000000005891f000 JavaThread "Monitor Ctrl-Break" daemon [_thread_in_native, id=44088, stack(0x00000000592a0000,0x00000000593a0000)]
  0x0000000056f35800 JavaThread "Attach Listener" daemon [_thread_blocked, id=59612, stack(0x0000000058320000,0x0000000058420000)]
  0x0000000056f34800 JavaThread "Signal Dispatcher" daemon [_thread_blocked, id=61392, stack(0x0000000057f50000,0x0000000058050000)]
  0x0000000056f22000 JavaThread "Finalizer" daemon [_thread_blocked, id=44960, stack(0x0000000058420000,0x0000000058520000)]
  0x0000000056ed9000 JavaThread "Reference Handler" daemon [_thread_blocked, id=58824, stack(0x00000000581f0000,0x00000000582f0000)]
  0x0000000002000000 JavaThread "main" [_thread_blocked, id=61700, stack(0x0000000002110000,0x0000000002210000)]

Other Threads:
  0x0000000056ed3800 VMThread [stack: 0x00000000580e0000,0x00000000581e0000] [id=43568]
  0x0000000058c7c800 WatcherThread [stack: 0x0000000059b40000,0x0000000059c40000] [id=57264]

VM state:not at safepoint (normal execution)

VM Mutex/Monitor currently owned by a thread: None

Heap:
 PSYoungGen      total 64000K, used 13225K [0x00000000d6f00000, 0x00000000df280000, 0x0000000100000000)
  eden space 58880K, 13% used [0x00000000d6f00000,0x00000000d76ef968,0x00000000da880000)
  from space 5120K, 99% used [0x00000000db200000,0x00000000db6fabc0,0x00000000db700000)
  to   space 9728K, 0% used [0x00000000da880000,0x00000000da880000,0x00000000db200000)
 ParOldGen       total 50176K, used 10692K [0x0000000084c00000, 0x0000000087d00000, 0x00000000d6f00000)
  object space 50176K, 21% used [0x0000000084c00000,0x00000000856713d0,0x0000000087d00000)
 Metaspace       used 25127K, capacity 25774K, committed 26032K, reserved 1071104K
  class space    used 3233K, capacity 3391K, committed 3504K, reserved 1048576K

Card table byte_map: [0x00000000117b0000,0x0000000011b90000] byte_map_base: 0x000000001138a000

Marking Bits: (ParMarkBitMap*) 0x00000000700dc720
 Begin Bits: [0x00000000123c0000, 0x0000000014290000)
 End Bits:   [0x0000000014290000, 0x0000000016160000)

Polling page: 0x0000000000110000

CodeCache: size=245760Kb used=8202Kb max_used=8202Kb free=237557Kb
 bounds [0x00000000023f0000, 0x0000000002c00000, 0x00000000113f0000]
 total_blobs=2655 nmethods=2262 adapters=305
 compilation: enabled

Compilation events (10 events):
Event: 5.088 Thread 0x0000000058964000 2265   !   3       com.sun.proxy.$Proxy21::annotationType (29 bytes)
Event: 5.088 Thread 0x0000000058964000 nmethod 2265 0x0000000002bf0c50 code [0x0000000002bf0de0, 0x0000000002bf11f8]
Event: 5.088 Thread 0x0000000058964000 2266       3       sun.reflect.annotation.AnnotationInvocationHandler::cloneArray (170 bytes)
Event: 5.088 Thread 0x0000000058964000 nmethod 2266 0x0000000002bf13d0 code [0x0000000002bf1660, 0x0000000002bf2948]
Event: 5.089 Thread 0x0000000058964000 2267       3       org.springframework.boot.context.properties.source.SpringConfigurationPropertySource::find (45 bytes)
Event: 5.090 Thread 0x0000000058964000 nmethod 2267 0x0000000002bf2d90 code [0x0000000002bf2fe0, 0x0000000002bf3f38]
Event: 5.090 Thread 0x0000000058964000 2268       3       java.lang.ProcessEnvironment::containsKey (9 bytes)
Event: 5.090 Thread 0x0000000058964000 nmethod 2268 0x0000000002bf4850 code [0x0000000002bf4a00, 0x0000000002bf5008]
Event: 5.092 Thread 0x0000000058964000 2269   !   3       sun.net.www.protocol.jar.JarFileFactory::getConnection (40 bytes)
Event: 5.092 Thread 0x0000000058964000 nmethod 2269 0x0000000002bf5290 code [0x0000000002bf5460, 0x0000000002bf5da8]

GC Heap History (10 events):
Event: 3.850 GC heap before
{Heap before GC invocations=3 (full 0):
 PSYoungGen      total 36864K, used 36657K [0x00000000d6f00000, 0x00000000db700000, 0x0000000100000000)
  eden space 31744K, 100% used [0x00000000d6f00000,0x00000000d8e00000,0x00000000d8e00000)
  from space 5120K, 95% used [0x00000000d9300000,0x00000000d97cc4d8,0x00000000d9800000)
  to   space 5120K, 0% used [0x00000000d8e00000,0x00000000d8e00000,0x00000000d9300000)
 ParOldGen       total 84992K, used 24K [0x0000000084c00000, 0x0000000089f00000, 0x00000000d6f00000)
  object space 84992K, 0% used [0x0000000084c00000,0x0000000084c06000,0x0000000089f00000)
 Metaspace       used 13851K, capacity 14312K, committed 14592K, reserved 1062912K
  class space    used 1796K, capacity 1943K, committed 2048K, reserved 1048576K
Event: 3.854 GC heap after
Heap after GC invocations=3 (full 0):
 PSYoungGen      total 36864K, used 5090K [0x00000000d6f00000, 0x00000000db700000, 0x0000000100000000)
  eden space 31744K, 0% used [0x00000000d6f00000,0x00000000d6f00000,0x00000000d8e00000)
  from space 5120K, 99% used [0x00000000d8e00000,0x00000000d92f8a70,0x00000000d9300000)
  to   space 5120K, 0% used [0x00000000db200000,0x00000000db200000,0x00000000db700000)
 ParOldGen       total 84992K, used 330K [0x0000000084c00000, 0x0000000089f00000, 0x00000000d6f00000)
  object space 84992K, 0% used [0x0000000084c00000,0x0000000084c52ba8,0x0000000089f00000)
 Metaspace       used 13851K, capacity 14312K, committed 14592K, reserved 1062912K
  class space    used 1796K, capacity 1943K, committed 2048K, reserved 1048576K
}
Event: 4.084 GC heap before
{Heap before GC invocations=4 (full 0):
 PSYoungGen      total 36864K, used 36834K [0x00000000d6f00000, 0x00000000db700000, 0x0000000100000000)
  eden space 31744K, 100% used [0x00000000d6f00000,0x00000000d8e00000,0x00000000d8e00000)
  from space 5120K, 99% used [0x00000000d8e00000,0x00000000d92f8a70,0x00000000d9300000)
  to   space 5120K, 0% used [0x00000000db200000,0x00000000db200000,0x00000000db700000)
 ParOldGen       total 84992K, used 330K [0x0000000084c00000, 0x0000000089f00000, 0x00000000d6f00000)
  object space 84992K, 0% used [0x0000000084c00000,0x0000000084c52ba8,0x0000000089f00000)
 Metaspace       used 16849K, capacity 17396K, committed 17792K, reserved 1064960K
  class space    used 2185K, capacity 2321K, committed 2432K, reserved 1048576K
Event: 4.090 GC heap after
Heap after GC invocations=4 (full 0):
 PSYoungGen      total 68608K, used 5097K [0x00000000d6f00000, 0x00000000db700000, 0x0000000100000000)
  eden space 63488K, 0% used [0x00000000d6f00000,0x00000000d6f00000,0x00000000dad00000)
  from space 5120K, 99% used [0x00000000db200000,0x00000000db6fa438,0x00000000db700000)
  to   space 5120K, 0% used [0x00000000dad00000,0x00000000dad00000,0x00000000db200000)
 ParOldGen       total 84992K, used 2152K [0x0000000084c00000, 0x0000000089f00000, 0x00000000d6f00000)
  object space 84992K, 2% used [0x0000000084c00000,0x0000000084e1a1e8,0x0000000089f00000)
 Metaspace       used 16849K, capacity 17396K, committed 17792K, reserved 1064960K
  class space    used 2185K, capacity 2321K, committed 2432K, reserved 1048576K
}
Event: 4.294 GC heap before
{Heap before GC invocations=5 (full 0):
 PSYoungGen      total 68608K, used 46515K [0x00000000d6f00000, 0x00000000db700000, 0x0000000100000000)
  eden space 63488K, 65% used [0x00000000d6f00000,0x00000000d9772bb0,0x00000000dad00000)
  from space 5120K, 99% used [0x00000000db200000,0x00000000db6fa438,0x00000000db700000)
  to   space 5120K, 0% used [0x00000000dad00000,0x00000000dad00000,0x00000000db200000)
 ParOldGen       total 84992K, used 2152K [0x0000000084c00000, 0x0000000089f00000, 0x00000000d6f00000)
  object space 84992K, 2% used [0x0000000084c00000,0x0000000084e1a1e8,0x0000000089f00000)
 Metaspace       used 20667K, capacity 21172K, committed 21296K, reserved 1067008K
  class space    used 2684K, capacity 2835K, committed 2864K, reserved 1048576K
Event: 4.301 GC heap after
Heap after GC invocations=5 (full 0):
 PSYoungGen      total 68608K, used 5107K [0x00000000d6f00000, 0x00000000db700000, 0x0000000100000000)
  eden space 63488K, 0% used [0x00000000d6f00000,0x00000000d6f00000,0x00000000dad00000)
  from space 5120K, 99% used [0x00000000dad00000,0x00000000db1fcde0,0x00000000db200000)
  to   space 5120K, 0% used [0x00000000db200000,0x00000000db200000,0x00000000db700000)
 ParOldGen       total 84992K, used 5376K [0x0000000084c00000, 0x0000000089f00000, 0x00000000d6f00000)
  object space 84992K, 6% used [0x0000000084c00000,0x0000000085140218,0x0000000089f00000)
 Metaspace       used 20667K, capacity 21172K, committed 21296K, reserved 1067008K
  class space    used 2684K, capacity 2835K, committed 2864K, reserved 1048576K
}
Event: 4.301 GC heap before
{Heap before GC invocations=6 (full 1):
 PSYoungGen      total 68608K, used 5107K [0x00000000d6f00000, 0x00000000db700000, 0x0000000100000000)
  eden space 63488K, 0% used [0x00000000d6f00000,0x00000000d6f00000,0x00000000dad00000)
  from space 5120K, 99% used [0x00000000dad00000,0x00000000db1fcde0,0x00000000db200000)
  to   space 5120K, 0% used [0x00000000db200000,0x00000000db200000,0x00000000db700000)
 ParOldGen       total 84992K, used 5376K [0x0000000084c00000, 0x0000000089f00000, 0x00000000d6f00000)
  object space 84992K, 6% used [0x0000000084c00000,0x0000000085140218,0x0000000089f00000)
 Metaspace       used 20667K, capacity 21172K, committed 21296K, reserved 1067008K
  class space    used 2684K, capacity 2835K, committed 2864K, reserved 1048576K
Event: 4.323 GC heap after
Heap after GC invocations=6 (full 1):
 PSYoungGen      total 68608K, used 0K [0x00000000d6f00000, 0x00000000db700000, 0x0000000100000000)
  eden space 63488K, 0% used [0x00000000d6f00000,0x00000000d6f00000,0x00000000dad00000)
  from space 5120K, 0% used [0x00000000dad00000,0x00000000dad00000,0x00000000db200000)
  to   space 5120K, 0% used [0x00000000db200000,0x00000000db200000,0x00000000db700000)
 ParOldGen       total 50176K, used 8059K [0x0000000084c00000, 0x0000000087d00000, 0x00000000d6f00000)
  object space 50176K, 16% used [0x0000000084c00000,0x00000000853deec8,0x0000000087d00000)
 Metaspace       used 20667K, capacity 21172K, committed 21296K, reserved 1067008K
  class space    used 2684K, capacity 2835K, committed 2864K, reserved 1048576K
}
Event: 5.011 GC heap before
{Heap before GC invocations=7 (full 1):
 PSYoungGen      total 68608K, used 63488K [0x00000000d6f00000, 0x00000000db700000, 0x0000000100000000)
  eden space 63488K, 100% used [0x00000000d6f00000,0x00000000dad00000,0x00000000dad00000)
  from space 5120K, 0% used [0x00000000dad00000,0x00000000dad00000,0x00000000db200000)
  to   space 5120K, 0% used [0x00000000db200000,0x00000000db200000,0x00000000db700000)
 ParOldGen       total 50176K, used 8059K [0x0000000084c00000, 0x0000000087d00000, 0x00000000d6f00000)
  object space 50176K, 16% used [0x0000000084c00000,0x00000000853deec8,0x0000000087d00000)
 Metaspace       used 25068K, capacity 25704K, committed 26032K, reserved 1071104K
  class space    used 3224K, capacity 3390K, committed 3504K, reserved 1048576K
Event: 5.032 GC heap after
Heap after GC invocations=7 (full 1):
 PSYoungGen      total 64000K, used 5098K [0x00000000d6f00000, 0x00000000df280000, 0x0000000100000000)
  eden space 58880K, 0% used [0x00000000d6f00000,0x00000000d6f00000,0x00000000da880000)
  from space 5120K, 99% used [0x00000000db200000,0x00000000db6fabc0,0x00000000db700000)
  to   space 9728K, 0% used [0x00000000da880000,0x00000000da880000,0x00000000db200000)
 ParOldGen       total 50176K, used 10692K [0x0000000084c00000, 0x0000000087d00000, 0x00000000d6f00000)
  object space 50176K, 21% used [0x0000000084c00000,0x00000000856713d0,0x0000000087d00000)
 Metaspace       used 25068K, capacity 25704K, committed 26032K, reserved 1071104K
  class space    used 3224K, capacity 3390K, committed 3504K, reserved 1048576K
}

Deoptimization events (10 events):
Event: 4.394 Thread 0x000000005a2c5000 Uncommon trap: reason=unstable_if action=reinterpret pc=0x00000000029560fc method=com.sun.org.apache.xerces.internal.impl.XMLEntityScanner.scanLiteral(ILcom/sun/org/apache/xerces/internal/xni/XMLString;Z)I @ 570
Event: 4.440 Thread 0x000000005a2c5000 Uncommon trap: reason=unstable_if action=reinterpret pc=0x0000000002975f8c method=com.sun.org.apache.xerces.internal.impl.XMLEntityScanner.skipSpaces()Z @ 125
Event: 4.485 Thread 0x000000005a2c5000 Uncommon trap: reason=bimorphic action=maybe_recompile pc=0x000000000286e4f8 method=java.util.HashMap.putVal(ILjava/lang/Object;Ljava/lang/Object;ZZ)Ljava/lang/Object; @ 203
Event: 4.485 Thread 0x000000005a2c5000 Uncommon trap: reason=bimorphic action=maybe_recompile pc=0x000000000286e4f8 method=java.util.HashMap.putVal(ILjava/lang/Object;Ljava/lang/Object;ZZ)Ljava/lang/Object; @ 203
Event: 4.490 Thread 0x000000005a2c5000 Uncommon trap: reason=class_check action=maybe_recompile pc=0x0000000002703604 method=java.util.HashMap.putVal(ILjava/lang/Object;Ljava/lang/Object;ZZ)Ljava/lang/Object; @ 203
Event: 4.507 Thread 0x000000005a2c5000 Uncommon trap: reason=predicate action=maybe_recompile pc=0x000000000277d178 method=java.lang.String.regionMatches(ZILjava/lang/String;II)Z @ 63
Event: 4.575 Thread 0x000000005a3c8800 Uncommon trap: reason=unloaded action=reinterpret pc=0x0000000002a5fdfc method=org.springframework.util.ConcurrentReferenceHashMap$Segment.restructureIfNecessary(Z)V @ 331
Event: 4.620 Thread 0x000000005a3c8800 Uncommon trap: reason=unstable_if action=reinterpret pc=0x0000000002a53328 method=sun.net.www.protocol.jar.Handler.parseURL(Ljava/net/URL;Ljava/lang/String;II)V @ 94
Event: 4.854 Thread 0x000000005a3c8800 Uncommon trap: reason=bimorphic action=maybe_recompile pc=0x0000000002acbc2c method=java.util.HashMap.putVal(ILjava/lang/Object;Ljava/lang/Object;ZZ)Ljava/lang/Object; @ 253
Event: 4.861 Thread 0x000000005a3c8800 Uncommon trap: reason=bimorphic action=maybe_recompile pc=0x0000000002acbc2c method=java.util.HashMap.putVal(ILjava/lang/Object;Ljava/lang/Object;ZZ)Ljava/lang/Object; @ 253

Internal exceptions (10 events):
Event: 4.217 Thread 0x000000005a3c8800 Exception <a 'java/lang/ClassNotFoundException': org/springframework/context/annotation/ConfigurationClassPostProcessorCustomizer> (0x00000000d8928e88) thrown at [C:\re\workspace\8-2-build-windows-amd64-cygwin\jdk8u131\8869\hotspot\src\share\vm\classfile\
Event: 4.222 Thread 0x000000005a3c8800 Exception <a 'java/lang/ClassNotFoundException': org/springframework/beans/factory/support/BeanDefinitionRegistryPostProcessorCustomizer> (0x00000000d8adcca8) thrown at [C:\re\workspace\8-2-build-windows-amd64-cygwin\jdk8u131\8869\hotspot\src\share\vm\cla
Event: 4.222 Thread 0x000000005a3c8800 Exception <a 'java/lang/ClassNotFoundException': org/springframework/core/PriorityOrderedCustomizer> (0x00000000d8af6e70) thrown at [C:\re\workspace\8-2-build-windows-amd64-cygwin\jdk8u131\8869\hotspot\src\share\vm\classfile\systemDictionary.cpp, line 210
Event: 4.223 Thread 0x000000005a3c8800 Exception <a 'java/lang/ClassNotFoundException': org/springframework/context/ResourceLoaderAwareCustomizer> (0x00000000d8b12848) thrown at [C:\re\workspace\8-2-build-windows-amd64-cygwin\jdk8u131\8869\hotspot\src\share\vm\classfile\systemDictionary.cpp, l
Event: 4.223 Thread 0x000000005a3c8800 Exception <a 'java/lang/ClassNotFoundException': org/springframework/beans/factory/BeanClassLoaderAwareCustomizer> (0x00000000d8b31c10) thrown at [C:\re\workspace\8-2-build-windows-amd64-cygwin\jdk8u131\8869\hotspot\src\share\vm\classfile\systemDictionary
Event: 4.223 Thread 0x000000005a3c8800 Exception <a 'java/lang/ClassNotFoundException': org/springframework/context/EnvironmentAwareCustomizer> (0x00000000d8beba40) thrown at [C:\re\workspace\8-2-build-windows-amd64-cygwin\jdk8u131\8869\hotspot\src\share\vm\classfile\systemDictionary.cpp, line
Event: 4.228 Thread 0x000000005a3c8800 Exception <a 'java/lang/NoClassDefFoundError': org/reactivestreams/Publisher> (0x00000000d8dc24f8) thrown at [C:\re\workspace\8-2-build-windows-amd64-cygwin\jdk8u131\8869\hotspot\src\share\vm\classfile\systemDictionary.cpp, line 199]
Event: 4.229 Thread 0x000000005a3c8800 Exception <a 'java/lang/NoClassDefFoundError': rx/Observable> (0x00000000d8dd6df0) thrown at [C:\re\workspace\8-2-build-windows-amd64-cygwin\jdk8u131\8869\hotspot\src\share\vm\classfile\systemDictionary.cpp, line 199]
Event: 4.229 Thread 0x000000005a3c8800 Exception <a 'java/lang/NoClassDefFoundError': org/reactivestreams/Publisher> (0x00000000d8dee988) thrown at [C:\re\workspace\8-2-build-windows-amd64-cygwin\jdk8u131\8869\hotspot\src\share\vm\classfile\systemDictionary.cpp, line 199]
Event: 4.252 Thread 0x000000005a2c5000 Exception <a 'java/lang/IncompatibleClassChangeError': Found class java.lang.Object, but interface was expected> (0x00000000d92eb248) thrown at [C:\re\workspace\8-2-build-windows-amd64-cygwin\jdk8u131\8869\hotspot\src\share\vm\interpreter\linkResolver.cpp

Events (10 events):
Event: 5.086 loading class org/springframework/transaction/annotation/EnableTransactionManagement
Event: 5.086 loading class org/springframework/transaction/annotation/EnableTransactionManagement done
Event: 5.086 loading class org/springframework/context/annotation/AdviceMode
Event: 5.086 loading class org/springframework/context/annotation/AdviceMode done
Event: 5.086 loading class org/springframework/transaction/annotation/TransactionManagementConfigurationSelector
Event: 5.086 loading class org/springframework/transaction/annotation/TransactionManagementConfigurationSelector done
Event: 5.087 loading class org/springframework/context/annotation/AdviceModeImportSelector
Event: 5.087 loading class org/springframework/context/annotation/AdviceModeImportSelector done
Event: 5.093 loading class org/springframework/transaction/annotation/TransactionManagementConfigurationSelector$1
Event: 5.093 loading class org/springframework/transaction/annotation/TransactionManagementConfigurationSelector$1 done


Dynamic libraries:
0x000000013f2a0000 - 0x000000013f2d7000 	C:\Program Files\Java\jdk1.8.0_131\bin\java.exe
0x00000000776b0000 - 0x000000007785a000 	C:\Windows\SYSTEM32\ntdll.dll
0x0000000077350000 - 0x000000007746f000 	C:\Windows\system32\kernel32.dll
0x000007fefd520000 - 0x000007fefd58a000 	C:\Windows\system32\KERNELBASE.dll
0x000007fefd5d0000 - 0x000007fefd6ab000 	C:\Windows\system32\ADVAPI32.dll
0x000007fefd920000 - 0x000007fefd9bf000 	C:\Windows\system32\msvcrt.dll
0x000007fefd8e0000 - 0x000007fefd8ff000 	C:\Windows\SYSTEM32\sechost.dll
0x000007fefe540000 - 0x000007fefe66d000 	C:\Windows\system32\RPCRT4.dll
0x0000000077470000 - 0x000000007756a000 	C:\Windows\system32\USER32.dll
0x000007fefe4d0000 - 0x000007fefe537000 	C:\Windows\system32\GDI32.dll
0x000007fefd910000 - 0x000007fefd91e000 	C:\Windows\system32\LPK.dll
0x000007fefd810000 - 0x000007fefd8db000 	C:\Windows\system32\USP10.dll
0x000007fefbb10000 - 0x000007fefbd04000 	C:\Windows\WinSxS\amd64_microsoft.windows.common-controls_6595b64144ccf1df_6.0.7601.18837_none_fa3b1e3d17594757\COMCTL32.dll
0x000007fefdf20000 - 0x000007fefdf91000 	C:\Windows\system32\SHLWAPI.dll
0x000007fefe2a0000 - 0x000007fefe2ce000 	C:\Windows\system32\IMM32.DLL
0x000007fefe940000 - 0x000007fefea49000 	C:\Windows\system32\MSCTF.dll
0x0000000069c10000 - 0x0000000069ce2000 	C:\Program Files\Java\jdk1.8.0_131\jre\bin\msvcr100.dll
0x000000006f8c0000 - 0x000000007015c000 	C:\Program Files\Java\jdk1.8.0_131\jre\bin\server\jvm.dll
0x000007fef9aa0000 - 0x000007fef9aa9000 	C:\Windows\system32\WSOCK32.dll
0x000007fefd9c0000 - 0x000007fefda0d000 	C:\Windows\system32\WS2_32.dll
0x000007fefd900000 - 0x000007fefd908000 	C:\Windows\system32\NSI.dll
0x000007fefd2b0000 - 0x000007fefd2eb000 	C:\Windows\system32\WINMM.dll
0x000007fefc210000 - 0x000007fefc21c000 	C:\Windows\system32\VERSION.dll
0x0000000077870000 - 0x0000000077877000 	C:\Windows\system32\PSAPI.DLL
0x000000006ae90000 - 0x000000006ae9f000 	C:\Program Files\Java\jdk1.8.0_131\jre\bin\verify.dll
0x000000006a3b0000 - 0x000000006a3d9000 	C:\Program Files\Java\jdk1.8.0_131\jre\bin\java.dll
0x000000006a590000 - 0x000000006a5b3000 	C:\Program Files\Java\jdk1.8.0_131\jre\bin\instrument.dll
0x000000006a3f0000 - 0x000000006a406000 	C:\Program Files\Java\jdk1.8.0_131\jre\bin\zip.dll
0x000007fefead0000 - 0x000007feff85a000 	C:\Windows\system32\SHELL32.dll
0x000007fefe2d0000 - 0x000007fefe4cc000 	C:\Windows\system32\ole32.dll
0x000007fefd170000 - 0x000007fefd17f000 	C:\Windows\system32\profapi.dll
0x000007feec810000 - 0x000007feec82a000 	D:\Program Files\JetBrains\IntelliJ IDEA Community Edition 2017.3.5\bin\breakgen64.dll
0x000000006a350000 - 0x000000006a36a000 	C:\Program Files\Java\jdk1.8.0_131\jre\bin\net.dll
0x000007fefc8a0000 - 0x000007fefc8f5000 	C:\Windows\system32\mswsock.dll
0x000007fefcb70000 - 0x000007fefcb77000 	C:\Windows\System32\wship6.dll
0x000000006a560000 - 0x000000006a56d000 	C:\Program Files\Java\jdk1.8.0_131\jre\bin\management.dll
0x000007fefae10000 - 0x000007fefae25000 	C:\Windows\system32\NLAapi.dll
0x000007fef6090000 - 0x000007fef60a5000 	C:\Windows\system32\napinsp.dll
0x000007fef60b0000 - 0x000007fef60c9000 	C:\Windows\system32\pnrpnsp.dll
0x000007fefc730000 - 0x000007fefc78b000 	C:\Windows\system32\DNSAPI.dll
0x000007fef6080000 - 0x000007fef608b000 	C:\Windows\System32\winrnr.dll
0x000007fefc2e0000 - 0x000007fefc2e7000 	C:\Windows\System32\wshtcpip.dll
0x000007fefaa70000 - 0x000007fefaa97000 	C:\Windows\system32\IPHLPAPI.DLL
0x000007fefaa50000 - 0x000007fefaa5b000 	C:\Windows\system32\WINNSI.DLL
0x000007fef6120000 - 0x000007fef6128000 	C:\Windows\system32\rasadhlp.dll
0x000007fefa710000 - 0x000007fefa763000 	C:\Windows\System32\fwpuclnt.dll
0x000000006a330000 - 0x000000006a341000 	C:\Program Files\Java\jdk1.8.0_131\jre\bin\nio.dll

VM Arguments:
jvm_args: -javaagent:D:\Program Files\JetBrains\IntelliJ IDEA Community Edition 2017.3.5\lib\idea_rt.jar=51905:D:\Program Files\JetBrains\IntelliJ IDEA Community Edition 2017.3.5\bin -Dfile.encoding=UTF-8 
java_command: com.wujie.toolsmgmt.Application
java_class_path (initial): C:\Program Files\Java\jdk1.8.0_131\jre\lib\charsets.jar;C:\Program Files\Java\jdk1.8.0_131\jre\lib\deploy.jar;C:\Program Files\Java\jdk1.8.0_131\jre\lib\ext\access-bridge-64.jar;C:\Program Files\Java\jdk1.8.0_131\jre\lib\ext\cldrdata.jar;C:\Program Files\Java\jdk1.8.0_131\jre\lib\ext\dnsns.jar;C:\Program Files\Java\jdk1.8.0_131\jre\lib\ext\jaccess.jar;C:\Program Files\Java\jdk1.8.0_131\jre\lib\ext\jfxrt.jar;C:\Program Files\Java\jdk1.8.0_131\jre\lib\ext\localedata.jar;C:\Program Files\Java\jdk1.8.0_131\jre\lib\ext\nashorn.jar;C:\Program Files\Java\jdk1.8.0_131\jre\lib\ext\sunec.jar;C:\Program Files\Java\jdk1.8.0_131\jre\lib\ext\sunjce_provider.jar;C:\Program Files\Java\jdk1.8.0_131\jre\lib\ext\sunmscapi.jar;C:\Program Files\Java\jdk1.8.0_131\jre\lib\ext\sunpkcs11.jar;C:\Program Files\Java\jdk1.8.0_131\jre\lib\ext\zipfs.jar;C:\Program Files\Java\jdk1.8.0_131\jre\lib\javaws.jar;C:\Program Files\Java\jdk1.8.0_131\jre\lib\jce.jar;C:\Program Files\Java\jdk1.8.0_131\jre\lib\jfr.jar;C:\Program Files\Java\jdk1.8.0_131\jre\lib\jfxswt.jar;C:\Program Files\Java\jdk1.8.0_131\jre\lib\jsse.jar;C:\Program Files\Java\jdk1.8.0_131\jre\lib\management-agent.jar;C:\Program Files\Java\jdk1.8.0_131\jre\lib\plugin.jar;C:\Program Files\Java\jdk1.8.0_131\jre\lib\resources.jar;C:\Program Files\Java\jdk1.8.0_131\jre\lib\rt.jar;E:\gitProject\toolsmgmt\out\production\classes;E:\gitProject\toolsmgmt\out\production\resources;E:\.gradle\caches\modules-2\files-2.1\org.springframework.boot\spring-boot-starter-parent\2.0.0.RELEASE\fb27a9efa400059a9c43cccd4380849d79690e27\spring-boot-starter-parent-2.0.0.RELEASE.pom;E:\.gradle\caches\modules-2\files-2.1\org.springframework.boot\spring-boot-starter-web\2.0.0.RELEASE\fcb2a9e18f98382e626935841f85ed44d7153615\spring-boot-starter-web-2.0.0.RELEASE.jar;E:\.gradle\caches\modules-2\files-2.1\org.springframework.boot\spring-boot-devtools\2.0.0.RELEASE\db0a05542d0d59b55cdee8767cb2ec41cf49e4a6\spring-boot-devtools-2.0.0.RELEASE.jar;E
Launcher Type: SUN_STANDARD

Environment Variables:
JAVA_HOME=C:\Program Files\Java\jdk1.8.0_131
CLASSPATH=%CLASSPATH%;C:\Users\mingcl\.m2\repository\org\testng\testng\6.8\testng-6.8.jar
PATH=C:\ProgramData\Oracle\Java\javapath;C:\Windows\system32;C:\Windows;C:\Windows\System32\Wbem;C:\Windows\System32\WindowsPowerShell\v1.0\;C:\Program Files\nodejs\;C:\Program Files\TortoiseGit\bin;C:\Program Files\Git\cmd;D:\Program Files\TortoiseSVN\bin;C:\Program Files (x86)\Google\Chrome\Application;C:\ProgramData\Oracle\Java\javapath;C:\Windows\system32;C:\Windows;C:\Windows\System32\Wbem;C:\Windows\System32\WindowsPowerShell\v1.0\;C:\Program Files\nodejs\;C:\Program Files\TortoiseGit\bin;C:\Program Files\Git\cmd;D:\Program Files\TortoiseSVN\bin;C:\Program Files (x86)\Google\Chrome\Application;C:\Users\mingcl\AppData\Roaming\npm;D:\Program Files (x86)\apache-maven-3.5.0\bin;C:\Ruby200-x64\bin;D:\Program Files (x86)\Android\android-sdk;D:\Program Files (x86)\Android\android-sdk\tools;D:\Program Files (x86)\Android\android-sdk\tools;D:\Program Files (x86)\Android\android-sdk\tools;D:\Program Files (x86)\Android\android-sdk\platform-tools;C:\Program Files (x86)\Appium\node_modules\.bin;C:\Python27;C:\Python27\Scripts;C:\Program Files\Java\jdk1.8.0_131\bin;D:\Program Files\gradle-2.14\bin;E:\tools\apache-jmeter-3.2\bin;E:\jenkins\jenkins-home;C:\Users\mingcl\AppData\Local\atom\bin;d:\Program Files\Microsoft VS Code\bin;d:\Users\mingcl\AppData\Local\Programs\Fiddler;
USERNAME=mingcl
OS=Windows_NT
PROCESSOR_IDENTIFIER=Intel64 Family 6 Model 158 Stepping 9, GenuineIntel



---------------  S Y S T E M  ---------------

OS: Windows 7 , 64 bit Build 7601 (6.1.7601.23915)

CPU:total 4 (initial active 4) (4 cores per cpu, 1 threads per core) family 6 model 158 stepping 9, cmov, cx8, fxsr, mmx, sse, sse2, sse3, ssse3, sse4.1, sse4.2, popcnt, avx, avx2, aes, clmul, erms, 3dnowpref, lzcnt, tsc, tscinvbit, bmi1, bmi2, adx

Memory: 4k page, physical 8076204k(93540k free), swap 30417832k(5116k free)

vm_info: Java HotSpot(TM) 64-Bit Server VM (25.131-b11) for windows-amd64 JRE (1.8.0_131-b11), built on Mar 15 2017 01:23:53 by "java_re" with MS VC++ 10.0 (VS2010)

time: Wed Apr 25 13:40:17 2018
elapsed time: 5 seconds (0d 0h 0m 5s)

